{"/Users/fabianrust/dev/priv/minesweeper-playground/projects/angular-minesweeper/src/app/app.component.html": {"path":"/Users/fabianrust/dev/priv/minesweeper-playground/projects/angular-minesweeper/src/app/app.component.html","statementMap":{"0":{"start":{"line":1,"column":0},"end":{"line":1,"column":273}}},"fnMap":{},"branchMap":{},"s":{"0":1},"f":{},"b":{},"inputSourceMap":null,"_coverageSchema":"1a1c01bbd47fc00a2c39e90264f33305004495a9","hash":"b2cc26b197c24e41802e131089025dec53410d40"}
,"/Users/fabianrust/dev/priv/minesweeper-playground/projects/angular-minesweeper/src/app/app.component.ts": {"path":"/Users/fabianrust/dev/priv/minesweeper-playground/projects/angular-minesweeper/src/app/app.component.ts","statementMap":{"0":{"start":{"line":1,"column":0},"end":{"line":1,"column":50}},"1":{"start":{"line":2,"column":0},"end":{"line":2,"column":35}},"2":{"start":{"line":3,"column":0},"end":{"line":3,"column":38}},"3":{"start":{"line":4,"column":0},"end":{"line":4,"column":null}},"4":{"start":{"line":12,"column":0},"end":{"line":12,"column":null}},"5":{"start":{"line":29,"column":0},"end":{"line":63,"column":null}},"6":{"start":{"line":30,"column":9},"end":{"line":30,"column":88}},"7":{"start":{"line":31,"column":9},"end":{"line":31,"column":109}},"8":{"start":{"line":32,"column":9},"end":{"line":32,"column":50}},"9":{"start":{"line":33,"column":9},"end":{"line":33,"column":59}},"10":{"start":{"line":34,"column":9},"end":{"line":34,"column":44}},"11":{"start":{"line":35,"column":9},"end":{"line":35,"column":39}},"12":{"start":{"line":36,"column":9},"end":{"line":36,"column":48}},"13":{"start":{"line":39,"column":4},"end":{"line":39,"column":108}},"14":{"start":{"line":40,"column":4},"end":{"line":40,"column":72}},"15":{"start":{"line":42,"column":4},"end":{"line":42,"column":102}},"16":{"start":{"line":43,"column":4},"end":{"line":43,"column":66}},"17":{"start":{"line":47,"column":6},"end":{"line":48,"column":126}},"18":{"start":{"line":50,"column":6},"end":{"line":55,"column":null}},"19":{"start":{"line":51,"column":8},"end":{"line":51,"column":95}},"20":{"start":{"line":52,"column":8},"end":{"line":52,"column":26}},"21":{"start":{"line":53,"column":13},"end":{"line":55,"column":null}},"22":{"start":{"line":54,"column":8},"end":{"line":54,"column":94}},"23":{"start":{"line":59,"column":25},"end":{"line":59,"column":109}},"24":{"start":{"line":60,"column":4},"end":{"line":60,"column":52}},"25":{"start":{"line":61,"column":4},"end":{"line":61,"column":56}},"26":{"start":{"line":29,"column":13},"end":{"line":63,"column":null}},"27":{"start":{"line":29,"column":13},"end":{"line":29,"column":25}}},"fnMap":{"0":{"name":"(anonymous_0)","decl":{"start":{"line":29,"column":0},"end":{"line":29,"column":13}},"loc":{"start":{"line":29,"column":0},"end":{"line":63,"column":1}}},"1":{"name":"(anonymous_1)","decl":{"start":{"line":38,"column":9},"end":{"line":38,"column":17}},"loc":{"start":{"line":38,"column":17},"end":{"line":44,"column":3}}},"2":{"name":"(anonymous_2)","decl":{"start":{"line":46,"column":2},"end":{"line":46,"column":24}},"loc":{"start":{"line":46,"column":41},"end":{"line":56,"column":3}}},"3":{"name":"(anonymous_3)","decl":{"start":{"line":58,"column":2},"end":{"line":58,"column":25}},"loc":{"start":{"line":58,"column":42},"end":{"line":62,"column":3}}}},"branchMap":{"0":{"loc":{"start":{"line":50,"column":6},"end":{"line":55,"column":null}},"type":"if","locations":[{"start":{"line":50,"column":6},"end":{"line":55,"column":null}},{"start":{"line":50,"column":6},"end":{"line":55,"column":null}}]},"1":{"loc":{"start":{"line":53,"column":13},"end":{"line":55,"column":null}},"type":"if","locations":[{"start":{"line":53,"column":13},"end":{"line":55,"column":null}},{"start":{"line":53,"column":13},"end":{"line":55,"column":null}}]}},"s":{"0":1,"1":1,"2":1,"3":1,"4":1,"5":1,"6":1,"7":1,"8":1,"9":1,"10":1,"11":1,"12":1,"13":0,"14":0,"15":0,"16":0,"17":0,"18":0,"19":0,"20":0,"21":0,"22":0,"23":0,"24":0,"25":0,"26":1,"27":1},"f":{"0":1,"1":0,"2":0,"3":0},"b":{"0":[0,0],"1":[0,0]}}
,"/Users/fabianrust/dev/priv/minesweeper-playground/projects/angular-minesweeper/src/app/container/container.component.html": {"path":"/Users/fabianrust/dev/priv/minesweeper-playground/projects/angular-minesweeper/src/app/container/container.component.html","statementMap":{"0":{"start":{"line":1,"column":0},"end":{"line":1,"column":254}}},"fnMap":{},"branchMap":{},"s":{"0":2},"f":{},"b":{},"inputSourceMap":null,"_coverageSchema":"1a1c01bbd47fc00a2c39e90264f33305004495a9","hash":"f0eced9bc43757aadc79eeef70f77de0f27b0f0d"}
,"/Users/fabianrust/dev/priv/minesweeper-playground/projects/angular-minesweeper/src/app/container/container.component.ts": {"path":"/Users/fabianrust/dev/priv/minesweeper-playground/projects/angular-minesweeper/src/app/container/container.component.ts","statementMap":{"0":{"start":{"line":1,"column":0},"end":{"line":1,"column":71}},"1":{"start":{"line":9,"column":0},"end":{"line":25,"column":null}},"2":{"start":{"line":10,"column":11},"end":{"line":10,"column":49}},"3":{"start":{"line":13,"column":12},"end":{"line":13,"column":64}},"4":{"start":{"line":14,"column":12},"end":{"line":14,"column":65}},"5":{"start":{"line":19,"column":4},"end":{"line":19,"column":35}},"6":{"start":{"line":23,"column":4},"end":{"line":23,"column":36}},"7":{"start":{"line":10,"column":11},"end":{"line":10,"column":null}},"8":{"start":{"line":11,"column":11},"end":{"line":11,"column":null}},"9":{"start":{"line":13,"column":12},"end":{"line":13,"column":null}},"10":{"start":{"line":14,"column":12},"end":{"line":14,"column":null}},"11":{"start":{"line":9,"column":13},"end":{"line":25,"column":null}},"12":{"start":{"line":9,"column":13},"end":{"line":9,"column":31}}},"fnMap":{"0":{"name":"(anonymous_0)","decl":{"start":{"line":16,"column":2},"end":{"line":16,"column":18}},"loc":{"start":{"line":16,"column":2},"end":{"line":16,"column":19}}},"1":{"name":"(anonymous_1)","decl":{"start":{"line":18,"column":2},"end":{"line":18,"column":22}},"loc":{"start":{"line":18,"column":39},"end":{"line":20,"column":3}}},"2":{"name":"(anonymous_2)","decl":{"start":{"line":22,"column":2},"end":{"line":22,"column":23}},"loc":{"start":{"line":22,"column":40},"end":{"line":24,"column":3}}}},"branchMap":{},"s":{"0":2,"1":2,"2":1,"3":1,"4":1,"5":0,"6":0,"7":2,"8":2,"9":2,"10":2,"11":2,"12":2},"f":{"0":1,"1":0,"2":0},"b":{}}
,"/Users/fabianrust/dev/priv/minesweeper-playground/projects/angular-minesweeper/src/app/field/field.component.html": {"path":"/Users/fabianrust/dev/priv/minesweeper-playground/projects/angular-minesweeper/src/app/field/field.component.html","statementMap":{"0":{"start":{"line":1,"column":0},"end":{"line":1,"column":30}}},"fnMap":{},"branchMap":{},"s":{"0":3},"f":{},"b":{},"inputSourceMap":null,"_coverageSchema":"1a1c01bbd47fc00a2c39e90264f33305004495a9","hash":"10f840670742f022d72f3a8d6f395f7908ae3560"}
,"/Users/fabianrust/dev/priv/minesweeper-playground/projects/angular-minesweeper/src/app/field/field.component.ts": {"path":"/Users/fabianrust/dev/priv/minesweeper-playground/projects/angular-minesweeper/src/app/field/field.component.ts","statementMap":{"0":{"start":{"line":1,"column":0},"end":{"line":1,"column":null}},"1":{"start":{"line":10,"column":0},"end":{"line":10,"column":75}},"2":{"start":{"line":17,"column":0},"end":{"line":38,"column":null}},"3":{"start":{"line":21,"column":12},"end":{"line":21,"column":64}},"4":{"start":{"line":22,"column":12},"end":{"line":22,"column":65}},"5":{"start":{"line":26,"column":4},"end":{"line":28,"column":null}},"6":{"start":{"line":27,"column":6},"end":{"line":27,"column":71}},"7":{"start":{"line":33,"column":4},"end":{"line":33,"column":28}},"8":{"start":{"line":34,"column":4},"end":{"line":36,"column":null}},"9":{"start":{"line":35,"column":6},"end":{"line":35,"column":72}},"10":{"start":{"line":18,"column":11},"end":{"line":18,"column":null}},"11":{"start":{"line":19,"column":11},"end":{"line":19,"column":null}},"12":{"start":{"line":20,"column":11},"end":{"line":20,"column":null}},"13":{"start":{"line":21,"column":12},"end":{"line":21,"column":null}},"14":{"start":{"line":22,"column":12},"end":{"line":22,"column":null}},"15":{"start":{"line":25,"column":2},"end":{"line":29,"column":null}},"16":{"start":{"line":32,"column":2},"end":{"line":37,"column":null}},"17":{"start":{"line":17,"column":13},"end":{"line":38,"column":null}},"18":{"start":{"line":17,"column":13},"end":{"line":17,"column":27}}},"fnMap":{"0":{"name":"(anonymous_0)","decl":{"start":{"line":17,"column":0},"end":{"line":17,"column":13}},"loc":{"start":{"line":17,"column":0},"end":{"line":38,"column":1}}},"1":{"name":"(anonymous_1)","decl":{"start":{"line":25,"column":2},"end":{"line":25,"column":22}},"loc":{"start":{"line":25,"column":22},"end":{"line":29,"column":3}}},"2":{"name":"(anonymous_2)","decl":{"start":{"line":32,"column":2},"end":{"line":32,"column":23}},"loc":{"start":{"line":32,"column":42},"end":{"line":37,"column":3}}}},"branchMap":{"0":{"loc":{"start":{"line":26,"column":4},"end":{"line":28,"column":null}},"type":"if","locations":[{"start":{"line":26,"column":4},"end":{"line":28,"column":null}},{"start":{"line":26,"column":4},"end":{"line":28,"column":null}}]},"1":{"loc":{"start":{"line":34,"column":4},"end":{"line":36,"column":null}},"type":"if","locations":[{"start":{"line":34,"column":4},"end":{"line":36,"column":null}},{"start":{"line":34,"column":4},"end":{"line":36,"column":null}}]},"2":{"loc":{"start":{"line":34,"column":8},"end":{"line":34,"column":34}},"type":"binary-expr","locations":[{"start":{"line":34,"column":8},"end":{"line":34,"column":34}},{"start":{"line":34,"column":38},"end":{"line":34,"column":63}}]}},"s":{"0":3,"1":3,"2":3,"3":1,"4":1,"5":0,"6":0,"7":0,"8":0,"9":0,"10":3,"11":3,"12":3,"13":3,"14":3,"15":3,"16":3,"17":3,"18":3},"f":{"0":1,"1":0,"2":0},"b":{"0":[0,0],"1":[0,0],"2":[0,0]}}
,"/Users/fabianrust/dev/priv/minesweeper-playground/projects/angular-minesweeper/src/app/helpers/helpers.ts": {"path":"/Users/fabianrust/dev/priv/minesweeper-playground/projects/angular-minesweeper/src/app/helpers/helpers.ts","statementMap":{"0":{"start":{"line":1,"column":0},"end":{"line":1,"column":44}},"1":{"start":{"line":2,"column":0},"end":{"line":2,"column":null}},"2":{"start":{"line":13,"column":13},"end":{"line":25,"column":2}},"3":{"start":{"line":14,"column":2},"end":{"line":23,"column":null}},"4":{"start":{"line":14,"column":15},"end":{"line":14,"column":16}},"5":{"start":{"line":15,"column":16},"end":{"line":15,"column":60}},"6":{"start":{"line":16,"column":19},"end":{"line":16,"column":66}},"7":{"start":{"line":17,"column":4},"end":{"line":22,"column":null}},"8":{"start":{"line":18,"column":6},"end":{"line":18,"column":36}},"9":{"start":{"line":19,"column":6},"end":{"line":19,"column":72}},"10":{"start":{"line":21,"column":6},"end":{"line":21,"column":10}},"11":{"start":{"line":24,"column":2},"end":{"line":24,"column":19}},"12":{"start":{"line":27,"column":13},"end":{"line":56,"column":2}},"13":{"start":{"line":28,"column":2},"end":{"line":53,"column":null}},"14":{"start":{"line":29,"column":4},"end":{"line":31,"column":null}},"15":{"start":{"line":30,"column":6},"end":{"line":30,"column":39}},"16":{"start":{"line":32,"column":4},"end":{"line":34,"column":null}},"17":{"start":{"line":33,"column":6},"end":{"line":33,"column":35}},"18":{"start":{"line":35,"column":4},"end":{"line":37,"column":null}},"19":{"start":{"line":36,"column":6},"end":{"line":36,"column":39}},"20":{"start":{"line":38,"column":4},"end":{"line":40,"column":null}},"21":{"start":{"line":39,"column":6},"end":{"line":39,"column":35}},"22":{"start":{"line":41,"column":4},"end":{"line":43,"column":null}},"23":{"start":{"line":42,"column":6},"end":{"line":42,"column":35}},"24":{"start":{"line":44,"column":4},"end":{"line":46,"column":null}},"25":{"start":{"line":45,"column":6},"end":{"line":45,"column":39}},"26":{"start":{"line":47,"column":4},"end":{"line":49,"column":null}},"27":{"start":{"line":48,"column":6},"end":{"line":48,"column":35}},"28":{"start":{"line":50,"column":4},"end":{"line":52,"column":null}},"29":{"start":{"line":51,"column":6},"end":{"line":51,"column":39}},"30":{"start":{"line":55,"column":2},"end":{"line":55,"column":19}},"31":{"start":{"line":58,"column":13},"end":{"line":72,"column":2}},"32":{"start":{"line":61,"column":16},"end":{"line":61,"column":71}},"33":{"start":{"line":61,"column":48},"end":{"line":61,"column":70}},"34":{"start":{"line":62,"column":2},"end":{"line":70,"column":null}},"35":{"start":{"line":63,"column":4},"end":{"line":66,"column":null}},"36":{"start":{"line":64,"column":6},"end":{"line":64,"column":34}},"37":{"start":{"line":65,"column":6},"end":{"line":65,"column":56}},"38":{"start":{"line":68,"column":4},"end":{"line":68,"column":35}},"39":{"start":{"line":69,"column":4},"end":{"line":69,"column":55}},"40":{"start":{"line":71,"column":2},"end":{"line":71,"column":36}},"41":{"start":{"line":74,"column":13},"end":{"line":78,"column":2}},"42":{"start":{"line":75,"column":16},"end":{"line":75,"column":38}},"43":{"start":{"line":76,"column":2},"end":{"line":76,"column":null}},"44":{"start":{"line":76,"column":22},"end":{"line":76,"column":42}},"45":{"start":{"line":77,"column":2},"end":{"line":77,"column":15}},"46":{"start":{"line":80,"column":13},"end":{"line":88,"column":2}},"47":{"start":{"line":81,"column":2},"end":{"line":86,"column":null}},"48":{"start":{"line":81,"column":15},"end":{"line":81,"column":16}},"49":{"start":{"line":82,"column":4},"end":{"line":82,"column":24}},"50":{"start":{"line":83,"column":4},"end":{"line":85,"column":null}},"51":{"start":{"line":83,"column":17},"end":{"line":83,"column":18}},"52":{"start":{"line":84,"column":6},"end":{"line":84,"column":32}},"53":{"start":{"line":87,"column":2},"end":{"line":87,"column":21}},"54":{"start":{"line":90,"column":13},"end":{"line":129,"column":2}},"55":{"start":{"line":92,"column":2},"end":{"line":127,"column":null}},"56":{"start":{"line":93,"column":4},"end":{"line":126,"column":null}},"57":{"start":{"line":95,"column":8},"end":{"line":95,"column":45}},"58":{"start":{"line":96,"column":8},"end":{"line":98,"column":null}},"59":{"start":{"line":97,"column":10},"end":{"line":97,"column":113}},"60":{"start":{"line":99,"column":8},"end":{"line":101,"column":null}},"61":{"start":{"line":100,"column":10},"end":{"line":100,"column":113}},"62":{"start":{"line":102,"column":8},"end":{"line":104,"column":null}},"63":{"start":{"line":103,"column":10},"end":{"line":103,"column":113}},"64":{"start":{"line":105,"column":8},"end":{"line":107,"column":null}},"65":{"start":{"line":106,"column":10},"end":{"line":106,"column":117}},"66":{"start":{"line":108,"column":8},"end":{"line":110,"column":null}},"67":{"start":{"line":109,"column":10},"end":{"line":109,"column":117}},"68":{"start":{"line":111,"column":8},"end":{"line":113,"column":null}},"69":{"start":{"line":112,"column":10},"end":{"line":112,"column":113}},"70":{"start":{"line":114,"column":8},"end":{"line":116,"column":null}},"71":{"start":{"line":115,"column":10},"end":{"line":115,"column":117}},"72":{"start":{"line":117,"column":8},"end":{"line":119,"column":null}},"73":{"start":{"line":118,"column":10},"end":{"line":118,"column":117}},"74":{"start":{"line":120,"column":8},"end":{"line":120,"column":14}},"75":{"start":{"line":122,"column":8},"end":{"line":122,"column":50}},"76":{"start":{"line":123,"column":8},"end":{"line":123,"column":14}},"77":{"start":{"line":125,"column":8},"end":{"line":125,"column":71}},"78":{"start":{"line":128,"column":2},"end":{"line":128,"column":27}},"79":{"start":{"line":131,"column":13},"end":{"line":133,"column":79}},"80":{"start":{"line":133,"column":4},"end":{"line":133,"column":78}},"81":{"start":{"line":135,"column":13},"end":{"line":140,"column":45}},"82":{"start":{"line":136,"column":3},"end":{"line":140,"column":44}},"83":{"start":{"line":140,"column":17},"end":{"line":140,"column":36}},"84":{"start":{"line":142,"column":13},"end":{"line":145,"column":2}},"85":{"start":{"line":143,"column":15},"end":{"line":143,"column":57}},"86":{"start":{"line":144,"column":2},"end":{"line":144,"column":126}},"87":{"start":{"line":144,"column":54},"end":{"line":144,"column":124}},"88":{"start":{"line":144,"column":79},"end":{"line":144,"column":123}},"89":{"start":{"line":147,"column":13},"end":{"line":147,"column":97}},"90":{"start":{"line":147,"column":72},"end":{"line":147,"column":96}},"91":{"start":{"line":149,"column":13},"end":{"line":149,"column":97}},"92":{"start":{"line":149,"column":66},"end":{"line":149,"column":96}}},"fnMap":{"0":{"name":"(anonymous_0)","decl":{"start":{"line":13,"column":30},"end":{"line":13,"column":31}},"loc":{"start":{"line":13,"column":81},"end":{"line":25,"column":1}}},"1":{"name":"(anonymous_1)","decl":{"start":{"line":27,"column":45},"end":{"line":27,"column":46}},"loc":{"start":{"line":27,"column":110},"end":{"line":56,"column":1}}},"2":{"name":"(anonymous_2)","decl":{"start":{"line":59,"column":2},"end":{"line":59,"column":3}},"loc":{"start":{"line":60,"column":19},"end":{"line":72,"column":1}}},"3":{"name":"(anonymous_3)","decl":{"start":{"line":61,"column":40},"end":{"line":61,"column":44}},"loc":{"start":{"line":61,"column":48},"end":{"line":61,"column":70}}},"4":{"name":"(anonymous_4)","decl":{"start":{"line":74,"column":39},"end":{"line":74,"column":40}},"loc":{"start":{"line":74,"column":86},"end":{"line":78,"column":1}}},"5":{"name":"(anonymous_5)","decl":{"start":{"line":80,"column":33},"end":{"line":80,"column":34}},"loc":{"start":{"line":80,"column":103},"end":{"line":88,"column":1}}},"6":{"name":"(anonymous_6)","decl":{"start":{"line":91,"column":2},"end":{"line":91,"column":3}},"loc":{"start":{"line":91,"column":105},"end":{"line":129,"column":1}}},"7":{"name":"(anonymous_7)","decl":{"start":{"line":132,"column":2},"end":{"line":132,"column":3}},"loc":{"start":{"line":133,"column":4},"end":{"line":133,"column":78}}},"8":{"name":"(anonymous_8)","decl":{"start":{"line":135,"column":47},"end":{"line":135,"column":48}},"loc":{"start":{"line":136,"column":3},"end":{"line":140,"column":44}}},"9":{"name":"(anonymous_9)","decl":{"start":{"line":140,"column":12},"end":{"line":140,"column":13}},"loc":{"start":{"line":140,"column":17},"end":{"line":140,"column":36}}},"10":{"name":"(anonymous_10)","decl":{"start":{"line":142,"column":23},"end":{"line":142,"column":24}},"loc":{"start":{"line":142,"column":123},"end":{"line":145,"column":1}}},"11":{"name":"(anonymous_11)","decl":{"start":{"line":144,"column":38},"end":{"line":144,"column":39}},"loc":{"start":{"line":144,"column":54},"end":{"line":144,"column":124}}},"12":{"name":"(anonymous_12)","decl":{"start":{"line":144,"column":69},"end":{"line":144,"column":70}},"loc":{"start":{"line":144,"column":79},"end":{"line":144,"column":123}}},"13":{"name":"(anonymous_13)","decl":{"start":{"line":147,"column":31},"end":{"line":147,"column":32}},"loc":{"start":{"line":147,"column":72},"end":{"line":147,"column":96}}},"14":{"name":"(anonymous_14)","decl":{"start":{"line":149,"column":40},"end":{"line":149,"column":41}},"loc":{"start":{"line":149,"column":66},"end":{"line":149,"column":96}}}},"branchMap":{"0":{"loc":{"start":{"line":17,"column":4},"end":{"line":22,"column":null}},"type":"if","locations":[{"start":{"line":17,"column":4},"end":{"line":22,"column":null}},{"start":{"line":17,"column":4},"end":{"line":22,"column":null}}]},"1":{"loc":{"start":{"line":28,"column":2},"end":{"line":53,"column":null}},"type":"if","locations":[{"start":{"line":28,"column":2},"end":{"line":53,"column":null}},{"start":{"line":28,"column":2},"end":{"line":53,"column":null}}]},"2":{"loc":{"start":{"line":29,"column":4},"end":{"line":31,"column":null}},"type":"if","locations":[{"start":{"line":29,"column":4},"end":{"line":31,"column":null}},{"start":{"line":29,"column":4},"end":{"line":31,"column":null}}]},"3":{"loc":{"start":{"line":29,"column":8},"end":{"line":29,"column":20}},"type":"binary-expr","locations":[{"start":{"line":29,"column":8},"end":{"line":29,"column":20}},{"start":{"line":29,"column":24},"end":{"line":29,"column":39}},{"start":{"line":29,"column":43},"end":{"line":29,"column":82}}]},"4":{"loc":{"start":{"line":32,"column":4},"end":{"line":34,"column":null}},"type":"if","locations":[{"start":{"line":32,"column":4},"end":{"line":34,"column":null}},{"start":{"line":32,"column":4},"end":{"line":34,"column":null}}]},"5":{"loc":{"start":{"line":32,"column":8},"end":{"line":32,"column":20}},"type":"binary-expr","locations":[{"start":{"line":32,"column":8},"end":{"line":32,"column":20}},{"start":{"line":32,"column":24},"end":{"line":32,"column":59}}]},"6":{"loc":{"start":{"line":35,"column":4},"end":{"line":37,"column":null}},"type":"if","locations":[{"start":{"line":35,"column":4},"end":{"line":37,"column":null}},{"start":{"line":35,"column":4},"end":{"line":37,"column":null}}]},"7":{"loc":{"start":{"line":35,"column":8},"end":{"line":35,"column":20}},"type":"binary-expr","locations":[{"start":{"line":35,"column":8},"end":{"line":35,"column":20}},{"start":{"line":35,"column":24},"end":{"line":35,"column":44}},{"start":{"line":35,"column":48},"end":{"line":35,"column":87}}]},"8":{"loc":{"start":{"line":38,"column":4},"end":{"line":40,"column":null}},"type":"if","locations":[{"start":{"line":38,"column":4},"end":{"line":40,"column":null}},{"start":{"line":38,"column":4},"end":{"line":40,"column":null}}]},"9":{"loc":{"start":{"line":38,"column":8},"end":{"line":38,"column":23}},"type":"binary-expr","locations":[{"start":{"line":38,"column":8},"end":{"line":38,"column":23}},{"start":{"line":38,"column":27},"end":{"line":38,"column":62}}]},"10":{"loc":{"start":{"line":41,"column":4},"end":{"line":43,"column":null}},"type":"if","locations":[{"start":{"line":41,"column":4},"end":{"line":43,"column":null}},{"start":{"line":41,"column":4},"end":{"line":43,"column":null}}]},"11":{"loc":{"start":{"line":41,"column":8},"end":{"line":41,"column":28}},"type":"binary-expr","locations":[{"start":{"line":41,"column":8},"end":{"line":41,"column":28}},{"start":{"line":41,"column":32},"end":{"line":41,"column":67}}]},"12":{"loc":{"start":{"line":44,"column":4},"end":{"line":46,"column":null}},"type":"if","locations":[{"start":{"line":44,"column":4},"end":{"line":46,"column":null}},{"start":{"line":44,"column":4},"end":{"line":46,"column":null}}]},"13":{"loc":{"start":{"line":44,"column":8},"end":{"line":44,"column":22}},"type":"binary-expr","locations":[{"start":{"line":44,"column":8},"end":{"line":44,"column":22}},{"start":{"line":44,"column":26},"end":{"line":44,"column":41}},{"start":{"line":44,"column":45},"end":{"line":44,"column":84}}]},"14":{"loc":{"start":{"line":47,"column":4},"end":{"line":49,"column":null}},"type":"if","locations":[{"start":{"line":47,"column":4},"end":{"line":49,"column":null}},{"start":{"line":47,"column":4},"end":{"line":49,"column":null}}]},"15":{"loc":{"start":{"line":47,"column":8},"end":{"line":47,"column":22}},"type":"binary-expr","locations":[{"start":{"line":47,"column":8},"end":{"line":47,"column":22}},{"start":{"line":47,"column":26},"end":{"line":47,"column":61}}]},"16":{"loc":{"start":{"line":50,"column":4},"end":{"line":52,"column":null}},"type":"if","locations":[{"start":{"line":50,"column":4},"end":{"line":52,"column":null}},{"start":{"line":50,"column":4},"end":{"line":52,"column":null}}]},"17":{"loc":{"start":{"line":50,"column":8},"end":{"line":50,"column":22}},"type":"binary-expr","locations":[{"start":{"line":50,"column":8},"end":{"line":50,"column":22}},{"start":{"line":50,"column":26},"end":{"line":50,"column":46}},{"start":{"line":50,"column":50},"end":{"line":50,"column":89}}]},"18":{"loc":{"start":{"line":62,"column":2},"end":{"line":70,"column":null}},"type":"if","locations":[{"start":{"line":62,"column":2},"end":{"line":70,"column":null}},{"start":{"line":62,"column":2},"end":{"line":70,"column":null}}]},"19":{"loc":{"start":{"line":63,"column":4},"end":{"line":66,"column":null}},"type":"if","locations":[{"start":{"line":63,"column":4},"end":{"line":66,"column":null}},{"start":{"line":63,"column":4},"end":{"line":66,"column":null}}]},"20":{"loc":{"start":{"line":76,"column":2},"end":{"line":76,"column":null}},"type":"if","locations":[{"start":{"line":76,"column":2},"end":{"line":76,"column":null}},{"start":{"line":76,"column":2},"end":{"line":76,"column":null}}]},"21":{"loc":{"start":{"line":92,"column":2},"end":{"line":127,"column":null}},"type":"if","locations":[{"start":{"line":92,"column":2},"end":{"line":127,"column":null}},{"start":{"line":92,"column":2},"end":{"line":127,"column":null}}]},"22":{"loc":{"start":{"line":92,"column":6},"end":{"line":92,"column":50}},"type":"binary-expr","locations":[{"start":{"line":92,"column":6},"end":{"line":92,"column":50}},{"start":{"line":92,"column":54},"end":{"line":92,"column":97}}]},"23":{"loc":{"start":{"line":94,"column":6},"end":{"line":120,"column":14}},"type":"switch","locations":[{"start":{"line":94,"column":6},"end":{"line":120,"column":14}},{"start":{"line":121,"column":6},"end":{"line":123,"column":14}},{"start":{"line":124,"column":6},"end":{"line":125,"column":71}}]},"24":{"loc":{"start":{"line":96,"column":8},"end":{"line":98,"column":null}},"type":"if","locations":[{"start":{"line":96,"column":8},"end":{"line":98,"column":null}},{"start":{"line":96,"column":8},"end":{"line":98,"column":null}}]},"25":{"loc":{"start":{"line":99,"column":8},"end":{"line":101,"column":null}},"type":"if","locations":[{"start":{"line":99,"column":8},"end":{"line":101,"column":null}},{"start":{"line":99,"column":8},"end":{"line":101,"column":null}}]},"26":{"loc":{"start":{"line":102,"column":8},"end":{"line":104,"column":null}},"type":"if","locations":[{"start":{"line":102,"column":8},"end":{"line":104,"column":null}},{"start":{"line":102,"column":8},"end":{"line":104,"column":null}}]},"27":{"loc":{"start":{"line":105,"column":8},"end":{"line":107,"column":null}},"type":"if","locations":[{"start":{"line":105,"column":8},"end":{"line":107,"column":null}},{"start":{"line":105,"column":8},"end":{"line":107,"column":null}}]},"28":{"loc":{"start":{"line":105,"column":12},"end":{"line":105,"column":26}},"type":"binary-expr","locations":[{"start":{"line":105,"column":12},"end":{"line":105,"column":26}},{"start":{"line":105,"column":30},"end":{"line":105,"column":50}}]},"29":{"loc":{"start":{"line":108,"column":8},"end":{"line":110,"column":null}},"type":"if","locations":[{"start":{"line":108,"column":8},"end":{"line":110,"column":null}},{"start":{"line":108,"column":8},"end":{"line":110,"column":null}}]},"30":{"loc":{"start":{"line":108,"column":12},"end":{"line":108,"column":26}},"type":"binary-expr","locations":[{"start":{"line":108,"column":12},"end":{"line":108,"column":26}},{"start":{"line":108,"column":30},"end":{"line":108,"column":41}}]},"31":{"loc":{"start":{"line":111,"column":8},"end":{"line":113,"column":null}},"type":"if","locations":[{"start":{"line":111,"column":8},"end":{"line":113,"column":null}},{"start":{"line":111,"column":8},"end":{"line":113,"column":null}}]},"32":{"loc":{"start":{"line":114,"column":8},"end":{"line":116,"column":null}},"type":"if","locations":[{"start":{"line":114,"column":8},"end":{"line":116,"column":null}},{"start":{"line":114,"column":8},"end":{"line":116,"column":null}}]},"33":{"loc":{"start":{"line":114,"column":12},"end":{"line":114,"column":19}},"type":"binary-expr","locations":[{"start":{"line":114,"column":12},"end":{"line":114,"column":19}},{"start":{"line":114,"column":23},"end":{"line":114,"column":43}}]},"34":{"loc":{"start":{"line":117,"column":8},"end":{"line":119,"column":null}},"type":"if","locations":[{"start":{"line":117,"column":8},"end":{"line":119,"column":null}},{"start":{"line":117,"column":8},"end":{"line":119,"column":null}}]},"35":{"loc":{"start":{"line":117,"column":12},"end":{"line":117,"column":19}},"type":"binary-expr","locations":[{"start":{"line":117,"column":12},"end":{"line":117,"column":19}},{"start":{"line":117,"column":23},"end":{"line":117,"column":34}}]},"36":{"loc":{"start":{"line":143,"column":38},"end":{"line":143,"column":46}},"type":"cond-expr","locations":[{"start":{"line":143,"column":38},"end":{"line":143,"column":46}},{"start":{"line":143,"column":49},"end":{"line":143,"column":57}}]},"37":{"loc":{"start":{"line":144,"column":92},"end":{"line":144,"column":94}},"type":"cond-expr","locations":[{"start":{"line":144,"column":92},"end":{"line":144,"column":94}},{"start":{"line":144,"column":98},"end":{"line":144,"column":122}}]},"38":{"loc":{"start":{"line":144,"column":111},"end":{"line":144,"column":115}},"type":"cond-expr","locations":[{"start":{"line":144,"column":111},"end":{"line":144,"column":115}},{"start":{"line":144,"column":118},"end":{"line":144,"column":122}}]}},"s":{"0":2,"1":2,"2":2,"3":0,"4":0,"5":0,"6":0,"7":0,"8":0,"9":0,"10":0,"11":0,"12":2,"13":47,"14":19,"15":10,"16":19,"17":11,"18":19,"19":14,"20":19,"21":12,"22":19,"23":15,"24":19,"25":10,"26":16,"27":11,"28":15,"29":13,"30":43,"31":2,"32":4,"33":8,"34":4,"35":2,"36":1,"37":1,"38":2,"39":2,"40":4,"41":2,"42":0,"43":0,"44":0,"45":0,"46":2,"47":0,"48":0,"49":0,"50":0,"51":0,"52":0,"53":0,"54":2,"55":0,"56":0,"57":0,"58":0,"59":0,"60":0,"61":0,"62":0,"63":0,"64":0,"65":0,"66":0,"67":0,"68":0,"69":0,"70":0,"71":0,"72":0,"73":0,"74":0,"75":0,"76":0,"77":0,"78":0,"79":2,"80":0,"81":2,"82":0,"83":0,"84":2,"85":0,"86":0,"87":0,"88":0,"89":2,"90":0,"91":2,"92":0},"f":{"0":0,"1":47,"2":4,"3":8,"4":0,"5":0,"6":0,"7":0,"8":0,"9":0,"10":0,"11":0,"12":0,"13":0,"14":0},"b":{"0":[0,0],"1":[19,28],"2":[10,9],"3":[19,15,12],"4":[11,8],"5":[19,15],"6":[14,5],"7":[19,15,15],"8":[12,7],"9":[19,14],"10":[15,4],"11":[19,19],"12":[10,6],"13":[19,19,14],"14":[11,4],"15":[16,16],"16":[13,2],"17":[15,15,15],"18":[2,2],"19":[1,1],"20":[0,0],"21":[0,0],"22":[0,0],"23":[0,0,0],"24":[0,0],"25":[0,0],"26":[0,0],"27":[0,0],"28":[0,0],"29":[0,0],"30":[0,0],"31":[0,0],"32":[0,0],"33":[0,0],"34":[0,0],"35":[0,0],"36":[0,0],"37":[0,0],"38":[0,0]}}
,"/Users/fabianrust/dev/priv/minesweeper-playground/projects/angular-minesweeper/src/app/minefield/minefield.component.html": {"path":"/Users/fabianrust/dev/priv/minesweeper-playground/projects/angular-minesweeper/src/app/minefield/minefield.component.html","statementMap":{"0":{"start":{"line":1,"column":0},"end":{"line":1,"column":1021}}},"fnMap":{},"branchMap":{},"s":{"0":2},"f":{},"b":{},"inputSourceMap":null,"_coverageSchema":"1a1c01bbd47fc00a2c39e90264f33305004495a9","hash":"56a63acfe7b396f13da63b801a8098e83ad291a6"}
,"/Users/fabianrust/dev/priv/minesweeper-playground/projects/angular-minesweeper/src/app/minefield/minefield.component.ts": {"path":"/Users/fabianrust/dev/priv/minesweeper-playground/projects/angular-minesweeper/src/app/minefield/minefield.component.ts","statementMap":{"0":{"start":{"line":1,"column":0},"end":{"line":1,"column":97}},"1":{"start":{"line":2,"column":0},"end":{"line":2,"column":75}},"2":{"start":{"line":9,"column":0},"end":{"line":26,"column":null}},"3":{"start":{"line":10,"column":11},"end":{"line":10,"column":49}},"4":{"start":{"line":11,"column":11},"end":{"line":11,"column":41}},"5":{"start":{"line":13,"column":12},"end":{"line":13,"column":64}},"6":{"start":{"line":14,"column":12},"end":{"line":14,"column":65}},"7":{"start":{"line":15,"column":2},"end":{"line":15,"column":18}},"8":{"start":{"line":18,"column":4},"end":{"line":18,"column":35}},"9":{"start":{"line":22,"column":4},"end":{"line":22,"column":36}},"10":{"start":{"line":10,"column":11},"end":{"line":10,"column":null}},"11":{"start":{"line":11,"column":11},"end":{"line":11,"column":null}},"12":{"start":{"line":12,"column":11},"end":{"line":12,"column":null}},"13":{"start":{"line":13,"column":12},"end":{"line":13,"column":null}},"14":{"start":{"line":14,"column":12},"end":{"line":14,"column":null}},"15":{"start":{"line":9,"column":13},"end":{"line":26,"column":null}},"16":{"start":{"line":9,"column":13},"end":{"line":9,"column":31}}},"fnMap":{"0":{"name":"(anonymous_0)","decl":{"start":{"line":9,"column":0},"end":{"line":9,"column":13}},"loc":{"start":{"line":9,"column":0},"end":{"line":26,"column":1}}},"1":{"name":"(anonymous_1)","decl":{"start":{"line":17,"column":2},"end":{"line":17,"column":22}},"loc":{"start":{"line":17,"column":39},"end":{"line":19,"column":3}}},"2":{"name":"(anonymous_2)","decl":{"start":{"line":21,"column":2},"end":{"line":21,"column":23}},"loc":{"start":{"line":21,"column":40},"end":{"line":23,"column":3}}}},"branchMap":{},"s":{"0":2,"1":2,"2":2,"3":2,"4":2,"5":2,"6":2,"7":2,"8":0,"9":0,"10":2,"11":2,"12":2,"13":2,"14":2,"15":2,"16":2},"f":{"0":2,"1":0,"2":0},"b":{}}
,"/Users/fabianrust/dev/priv/minesweeper-playground/projects/angular-minesweeper/src/app/model/model.ts": {"path":"/Users/fabianrust/dev/priv/minesweeper-playground/projects/angular-minesweeper/src/app/model/model.ts","statementMap":{"0":{"start":{"line":1,"column":13},"end":{"line":1,"column":24}},"1":{"start":{"line":2,"column":13},"end":{"line":2,"column":22}},"2":{"start":{"line":3,"column":13},"end":{"line":3,"column":23}},"3":{"start":{"line":4,"column":13},"end":{"line":4,"column":26}},"4":{"start":{"line":5,"column":13},"end":{"line":5,"column":29}},"5":{"start":{"line":6,"column":13},"end":{"line":6,"column":29}},"6":{"start":{"line":7,"column":13},"end":{"line":7,"column":29}},"7":{"start":{"line":8,"column":13},"end":{"line":8,"column":52}}},"fnMap":{},"branchMap":{},"s":{"0":4,"1":4,"2":4,"3":4,"4":4,"5":4,"6":4,"7":4},"f":{},"b":{}}
}
