TN:
SF:src/app/app.component.html
FNF:0
FNH:0
DA:1,1
LF:1
LH:1
BRF:0
BRH:0
end_of_record
TN:
SF:src/app/app.component.ts
FN:29,(anonymous_0)
FN:38,(anonymous_1)
FN:46,(anonymous_2)
FN:58,(anonymous_3)
FNF:4
FNH:1
FNDA:1,(anonymous_0)
FNDA:0,(anonymous_1)
FNDA:0,(anonymous_2)
FNDA:0,(anonymous_3)
DA:1,1
DA:2,1
DA:3,1
DA:4,1
DA:12,1
DA:29,1
DA:30,1
DA:31,1
DA:32,1
DA:33,1
DA:34,1
DA:35,1
DA:36,1
DA:39,0
DA:40,0
DA:42,0
DA:43,0
DA:47,0
DA:50,0
DA:51,0
DA:52,0
DA:53,0
DA:54,0
DA:59,0
DA:60,0
DA:61,0
LF:26
LH:13
BRDA:50,0,0,0
BRDA:50,0,1,0
BRDA:53,1,0,0
BRDA:53,1,1,0
BRF:4
BRH:0
end_of_record
TN:
SF:src/app/container/container.component.html
FNF:0
FNH:0
DA:1,2
LF:1
LH:1
BRF:0
BRH:0
end_of_record
TN:
SF:src/app/container/container.component.ts
FN:16,(anonymous_0)
FN:18,(anonymous_1)
FN:22,(anonymous_2)
FNF:3
FNH:1
FNDA:1,(anonymous_0)
FNDA:0,(anonymous_1)
FNDA:0,(anonymous_2)
DA:1,2
DA:9,2
DA:10,2
DA:11,2
DA:13,2
DA:14,2
DA:19,0
DA:23,0
LF:8
LH:6
BRF:0
BRH:0
end_of_record
TN:
SF:src/app/field/field.component.html
FNF:0
FNH:0
DA:1,3
LF:1
LH:1
BRF:0
BRH:0
end_of_record
TN:
SF:src/app/field/field.component.ts
FN:17,(anonymous_0)
FN:25,(anonymous_1)
FN:32,(anonymous_2)
FNF:3
FNH:1
FNDA:1,(anonymous_0)
FNDA:0,(anonymous_1)
FNDA:0,(anonymous_2)
DA:1,3
DA:10,3
DA:17,3
DA:18,3
DA:19,3
DA:20,3
DA:21,3
DA:22,3
DA:25,3
DA:26,0
DA:27,0
DA:32,3
DA:33,0
DA:34,0
DA:35,0
LF:15
LH:10
BRDA:26,0,0,0
BRDA:26,0,1,0
BRDA:34,1,0,0
BRDA:34,1,1,0
BRDA:34,2,0,0
BRDA:34,2,1,0
BRF:6
BRH:0
end_of_record
TN:
SF:src/app/helpers/helpers.ts
FN:13,(anonymous_0)
FN:27,(anonymous_1)
FN:59,(anonymous_2)
FN:61,(anonymous_3)
FN:74,(anonymous_4)
FN:80,(anonymous_5)
FN:91,(anonymous_6)
FN:132,(anonymous_7)
FN:135,(anonymous_8)
FN:140,(anonymous_9)
FN:142,(anonymous_10)
FN:144,(anonymous_11)
FN:144,(anonymous_12)
FN:147,(anonymous_13)
FN:149,(anonymous_14)
FNF:15
FNH:3
FNDA:0,(anonymous_0)
FNDA:47,(anonymous_1)
FNDA:4,(anonymous_2)
FNDA:8,(anonymous_3)
FNDA:0,(anonymous_4)
FNDA:0,(anonymous_5)
FNDA:0,(anonymous_6)
FNDA:0,(anonymous_7)
FNDA:0,(anonymous_8)
FNDA:0,(anonymous_9)
FNDA:0,(anonymous_10)
FNDA:0,(anonymous_11)
FNDA:0,(anonymous_12)
FNDA:0,(anonymous_13)
FNDA:0,(anonymous_14)
DA:1,2
DA:2,2
DA:13,2
DA:14,0
DA:15,0
DA:16,0
DA:17,0
DA:18,0
DA:19,0
DA:21,0
DA:24,0
DA:27,2
DA:28,47
DA:29,19
DA:30,10
DA:32,19
DA:33,11
DA:35,19
DA:36,14
DA:38,19
DA:39,12
DA:41,19
DA:42,15
DA:44,19
DA:45,10
DA:47,16
DA:48,11
DA:50,15
DA:51,13
DA:55,43
DA:58,2
DA:61,8
DA:62,4
DA:63,2
DA:64,1
DA:65,1
DA:68,2
DA:69,2
DA:71,4
DA:74,2
DA:75,0
DA:76,0
DA:77,0
DA:80,2
DA:81,0
DA:82,0
DA:83,0
DA:84,0
DA:87,0
DA:90,2
DA:92,0
DA:93,0
DA:95,0
DA:96,0
DA:97,0
DA:99,0
DA:100,0
DA:102,0
DA:103,0
DA:105,0
DA:106,0
DA:108,0
DA:109,0
DA:111,0
DA:112,0
DA:114,0
DA:115,0
DA:117,0
DA:118,0
DA:120,0
DA:122,0
DA:123,0
DA:125,0
DA:128,0
DA:131,2
DA:133,0
DA:135,2
DA:136,0
DA:140,0
DA:142,2
DA:143,0
DA:144,0
DA:147,2
DA:149,2
LF:84
LH:39
BRDA:17,0,0,0
BRDA:17,0,1,0
BRDA:28,1,0,19
BRDA:28,1,1,28
BRDA:29,2,0,10
BRDA:29,2,1,9
BRDA:29,3,0,19
BRDA:29,3,1,15
BRDA:29,3,2,12
BRDA:32,4,0,11
BRDA:32,4,1,8
BRDA:32,5,0,19
BRDA:32,5,1,15
BRDA:35,6,0,14
BRDA:35,6,1,5
BRDA:35,7,0,19
BRDA:35,7,1,15
BRDA:35,7,2,15
BRDA:38,8,0,12
BRDA:38,8,1,7
BRDA:38,9,0,19
BRDA:38,9,1,14
BRDA:41,10,0,15
BRDA:41,10,1,4
BRDA:41,11,0,19
BRDA:41,11,1,19
BRDA:44,12,0,10
BRDA:44,12,1,6
BRDA:44,13,0,19
BRDA:44,13,1,19
BRDA:44,13,2,14
BRDA:47,14,0,11
BRDA:47,14,1,4
BRDA:47,15,0,16
BRDA:47,15,1,16
BRDA:50,16,0,13
BRDA:50,16,1,2
BRDA:50,17,0,15
BRDA:50,17,1,15
BRDA:50,17,2,15
BRDA:62,18,0,2
BRDA:62,18,1,2
BRDA:63,19,0,1
BRDA:63,19,1,1
BRDA:76,20,0,0
BRDA:76,20,1,0
BRDA:92,21,0,0
BRDA:92,21,1,0
BRDA:92,22,0,0
BRDA:92,22,1,0
BRDA:94,23,0,0
BRDA:94,23,1,0
BRDA:94,23,2,0
BRDA:96,24,0,0
BRDA:96,24,1,0
BRDA:99,25,0,0
BRDA:99,25,1,0
BRDA:102,26,0,0
BRDA:102,26,1,0
BRDA:105,27,0,0
BRDA:105,27,1,0
BRDA:105,28,0,0
BRDA:105,28,1,0
BRDA:108,29,0,0
BRDA:108,29,1,0
BRDA:108,30,0,0
BRDA:108,30,1,0
BRDA:111,31,0,0
BRDA:111,31,1,0
BRDA:114,32,0,0
BRDA:114,32,1,0
BRDA:114,33,0,0
BRDA:114,33,1,0
BRDA:117,34,0,0
BRDA:117,34,1,0
BRDA:117,35,0,0
BRDA:117,35,1,0
BRDA:143,36,0,0
BRDA:143,36,1,0
BRDA:144,37,0,0
BRDA:144,37,1,0
BRDA:144,38,0,0
BRDA:144,38,1,0
BRF:83
BRH:42
end_of_record
TN:
SF:src/app/minefield/minefield.component.html
FNF:0
FNH:0
DA:1,2
LF:1
LH:1
BRF:0
BRH:0
end_of_record
TN:
SF:src/app/minefield/minefield.component.ts
FN:9,(anonymous_0)
FN:17,(anonymous_1)
FN:21,(anonymous_2)
FNF:3
FNH:1
FNDA:2,(anonymous_0)
FNDA:0,(anonymous_1)
FNDA:0,(anonymous_2)
DA:1,2
DA:2,2
DA:9,2
DA:10,2
DA:11,2
DA:12,2
DA:13,2
DA:14,2
DA:15,2
DA:18,0
DA:22,0
LF:11
LH:9
BRF:0
BRH:0
end_of_record
TN:
SF:src/app/model/model.ts
FNF:0
FNH:0
DA:1,4
DA:2,4
DA:3,4
DA:4,4
DA:5,4
DA:6,4
DA:7,4
DA:8,4
LF:8
LH:8
BRF:0
BRH:0
end_of_record
